<?xml version="1.0" encoding="UTF-8"?>
<!-- Generated by org.testng.reporters.JUnitXMLReporter -->
<testsuite ignored="2" hostname="ING091" failures="0" tests="3" name="Practice Grouping" time="0.036" errors="0" timestamp="2020-04-16T10:00:50 EDT">
  <testcase classname="automationFrameworkTestNG.FirstTestngGroup" name="Car1" time="0.007"/>
  <testcase classname="automationFrameworkTestNG.FirstTestngGroup" name="Car2" time="0.001"/>
  <testcase classname="automationFrameworkTestNG.FirstTestngGroup" name="Sedan1" time="0.001"/>
  <testcase classname="automationFrameworkTestNG.FirstTestngGroup" name="Scooter1" time="0.0">
    <ignored/>
  </testcase> <!-- Scooter1 -->
  <testcase classname="automationFrameworkTestNG.FirstTestngGroup" name="Scooter2" time="0.0">
    <ignored/>
  </testcase> <!-- Scooter2 -->
</testsuite> <!-- Practice Grouping -->
