<?xml version="1.0" encoding="UTF-8"?>
<testng-results ignored="0" total="1" passed="1" failed="0" skipped="0">
  <reporter-output>
  </reporter-output>
  <suite started-at="2020-06-03T11:22:39 EDT" name="Default suite" finished-at="2020-06-03T11:22:47 EDT" duration-ms="8235">
    <groups>
    </groups>
    <test started-at="2020-06-03T11:22:39 EDT" name="Default test" finished-at="2020-06-03T11:22:47 EDT" duration-ms="8235">
      <class name="automationFrameworkTestNG.ClassOne">
        <test-method is-config="true" signature="Beforeclass()[pri:0, instance:automationFrameworkTestNG.ClassOne@2fd6b6c7]" started-at="2020-06-03T11:22:39 EDT" name="Beforeclass" finished-at="2020-06-03T11:22:44 EDT" duration-ms="5250" status="PASS">
          <reporter-output>
          </reporter-output>
        </test-method> <!-- Beforeclass -->
        <test-method signature="GoogleTitle()[pri:0, instance:automationFrameworkTestNG.ClassOne@2fd6b6c7]" started-at="2020-06-03T11:22:44 EDT" name="GoogleTitle" finished-at="2020-06-03T11:22:46 EDT" duration-ms="2080" status="PASS">
          <reporter-output>
          </reporter-output>
        </test-method> <!-- GoogleTitle -->
        <test-method is-config="true" signature="Afterclass()[pri:0, instance:automationFrameworkTestNG.ClassOne@2fd6b6c7]" started-at="2020-06-03T11:22:46 EDT" name="Afterclass" finished-at="2020-06-03T11:22:47 EDT" duration-ms="823" status="PASS">
          <reporter-output>
          </reporter-output>
        </test-method> <!-- Afterclass -->
      </class> <!-- automationFrameworkTestNG.ClassOne -->
    </test> <!-- Default test -->
  </suite> <!-- Default suite -->
</testng-results>
