<?xml version="1.0" encoding="UTF-8"?>
<!-- Generated by org.testng.reporters.JUnitXMLReporter -->
<testsuite ignored="0" hostname="ING091" failures="1" tests="1" name="ChromeTest" time="0.081" errors="0" timestamp="2020-05-18T14:59:19 EDT">
  <testcase classname="passBrowserPath.IdXPathDemoTestNG" name="populateForm" time="0.008">
    <failure type="java.lang.Error" message="Unresolved compilation problem: 
	browser_path cannot be resolved to a variable
">
      <![CDATA[java.lang.Error: Unresolved compilation problem: 
browser_path cannot be resolved to a variable

at passBrowserPath.IdXPathDemoTestNG.populateForm(IdXPathDemoTestNG.java:21)
at java.base/java.util.ArrayList.forEach(ArrayList.java:1540)
at java.base/java.util.concurrent.FutureTask.run(FutureTask.java:264)
at java.base/java.util.concurrent.ThreadPoolExecutor.runWorker(ThreadPoolExecutor.java:1128)
at java.base/java.util.concurrent.ThreadPoolExecutor$Worker.run(ThreadPoolExecutor.java:628)
at java.base/java.lang.Thread.run(Thread.java:835)
... Removed 18 stack frames]]>
    </failure>
  </testcase> <!-- populateForm -->
</testsuite> <!-- ChromeTest -->
