<?xml version="1.0" encoding="UTF-8"?>
<!-- Generated by org.testng.reporters.JUnitXMLReporter -->
<testsuite ignored="0" hostname="ING091" failures="0" tests="3" name="advancedReportingPackage" time="88.361" errors="0" timestamp="2020-04-30T12:02:45 EDT">
  <testcase classname="advancedReportingPractice.ClassOne" name="amazontest" time="21.541"/>
  <testcase classname="advancedReportingPractice.ClassOne" name="googletest" time="21.497"/>
  <testcase classname="advancedReportingPractice.ClassTwo" name="Amazontest" time="39.905"/>
</testsuite> <!-- advancedReportingPackage -->
