<?xml version="1.0" encoding="UTF-8"?>
<!-- Generated by org.testng.reporters.JUnitXMLReporter -->
<testsuite ignored="0" hostname="ING091" failures="0" tests="3" name="ChromeTest" time="85.325" errors="0" timestamp="2020-04-16T16:59:06 EDT">
  <testcase classname="TestNGPracticeExercises.multiBrowserTest" name="scheduleTrip" time="64.723"/>
  <testcase classname="TestNGPracticeExercises.multiBrowserTest" name="scheduleTrip" time="65.652"/>
  <testcase classname="TestNGPracticeExercises.multiBrowserTest" name="scheduleTrip" time="71.933"/>
</testsuite> <!-- ChromeTest -->
